{
  "RSpec": {
    "coverage": {
      "/Users/emilyport/Desktop/Turing/mod_1/projects/futbol/lib/stat_tracker.rb": {
        "lines": [
          1,
          null,
          1,
          1,
          null,
          1,
          29,
          29,
          29,
          null,
          null,
          1,
          28,
          28,
          28,
          28,
          28,
          28,
          28,
          null,
          null,
          null,
          null,
          null,
          null,
          null,
          null,
          null,
          1,
          70,
          84,
          null,
          null,
          null,
          1,
          28,
          null,
          null,
          1,
          2,
          18,
          null,
          null,
          null,
          1,
          15,
          null,
          null,
          null,
          null,
          1,
          70,
          84,
          null,
          null,
          null,
          1,
          28,
          null,
          null,
          1,
          15,
          null,
          null,
          null,
          null,
          null,
          null,
          null,
          1,
          null,
          null,
          20,
          1,
          1,
          null,
          null,
          null,
          null,
          null,
          null,
          null,
          null,
          1,
          10,
          null,
          null,
          1,
          10,
          null,
          null,
          1,
          10,
          null,
          null,
          1,
          20,
          null,
          null,
          1,
          20,
          null,
          null,
          1,
          20,
          null,
          null,
          1,
          10,
          null,
          null,
          1,
          5,
          null,
          null,
          1,
          19,
          null,
          null,
          1,
          10,
          null,
          null,
          1,
          1,
          null,
          null,
          1,
          1,
          null,
          null,
          1,
          1,
          null,
          null,
          1,
          1,
          null,
          null,
          1,
          1,
          1,
          1,
          null,
          1,
          null,
          null,
          1,
          27,
          243,
          null,
          null,
          null,
          1,
          26,
          26,
          234,
          null,
          null,
          null,
          1,
          10,
          90,
          null,
          null,
          null,
          1,
          15,
          null,
          null,
          1,
          1,
          null,
          null,
          1,
          1,
          null,
          null,
          1,
          50,
          null,
          null,
          1,
          7,
          63,
          28,
          null,
          35,
          null,
          null,
          null,
          null,
          1,
          7,
          63,
          null,
          null,
          null,
          1,
          6,
          null,
          null,
          1,
          4,
          4,
          null,
          null,
          null,
          1,
          1,
          1,
          null,
          null,
          1,
          1,
          1,
          null,
          null
        ]
      }
    },
    "timestamp": 1663292926
  }
}
