{
  "RSpec": {
    "coverage": {
      "/Users/patriciaseverance/Desktop/Turing/mod_1/projects/futbol/lib/stat_tracker.rb": {
        "lines": [
          1,
          null,
          1,
          1,
          null,
          1,
          52,
          52,
          52,
          null,
          null,
          1,
          51,
          51,
          51,
          51,
          51,
          51,
          51,
          null,
          null,
          null,
          null,
          null,
          null,
          null,
          null,
          null,
          null,
          1,
          112,
          133,
          null,
          null,
          null,
          1,
          35,
          null,
          null,
          1,
          2,
          18,
          null,
          null,
          null,
          1,
          15,
          null,
          null,
          1,
          0,
          null,
          null,
          1,
          0,
          null,
          null,
          1,
          0,
          0,
          null,
          null,
          null,
          1,
          112,
          140,
          null,
          null,
          null,
          1,
          42,
          null,
          null,
          1,
          15,
          null,
          null,
          1,
          0,
          null,
          null,
          1,
          0,
          null,
          null,
          1,
          0,
          0,
          null,
          null,
          null,
          1,
          0,
          0,
          0,
          0,
          0,
          null,
          null,
          1,
          0,
          0,
          null,
          null,
          1,
          0,
          0,
          null,
          null,
          null,
          1,
          0,
          0,
          null,
          null,
          null,
          null,
          1,
          0,
          0,
          null,
          null,
          1,
          0,
          0,
          null,
          null,
          null,
          1,
          0,
          0,
          null,
          null,
          null,
          1,
          32,
          null,
          null,
          1,
          32,
          null,
          null,
          1,
          16,
          null,
          null,
          1,
          48,
          null,
          null,
          1,
          48,
          null,
          null,
          1,
          16,
          null,
          null,
          1,
          20,
          null,
          null,
          1,
          0,
          null,
          null,
          1,
          5,
          null,
          null,
          1,
          47,
          null,
          null,
          1,
          32,
          null,
          null,
          1,
          0,
          null,
          null,
          1,
          2,
          null,
          null,
          1,
          2,
          null,
          null,
          1,
          1,
          null,
          null,
          1,
          1,
          1,
          2,
          null,
          1,
          null,
          null,
          null,
          1,
          32,
          480,
          null,
          null,
          null,
          1,
          29,
          29,
          870,
          null,
          null,
          null,
          1,
          10,
          180,
          null,
          null,
          null,
          1,
          20,
          null,
          null,
          1,
          1,
          null,
          null,
          1,
          1,
          null,
          null,
          null,
          1,
          0,
          0,
          0,
          0,
          null,
          0,
          0,
          null,
          null,
          1,
          0,
          0,
          null,
          null,
          1,
          0,
          0,
          null,
          null,
          null,
          1,
          80,
          null,
          null,
          1,
          8,
          126,
          60,
          null,
          66,
          null,
          null,
          null,
          null,
          1,
          9,
          144,
          null,
          null,
          null,
          1,
          8,
          null,
          null,
          1,
          3,
          6,
          null,
          null,
          null,
          1,
          0,
          0,
          0,
          0,
          null,
          null,
          1,
          1,
          1,
          null,
          null,
          1,
          1,
          1,
          null,
          null,
          null,
          1,
          1,
          1,
          453,
          null,
          1,
          1,
          null,
          null,
          1,
          1,
          1,
          453,
          null,
          1,
          1,
          null,
          null,
          1,
          0,
          0,
          0,
          null,
          0,
          null,
          null,
          1,
          0,
          null,
          null,
          1,
          0,
          0,
          0,
          null,
          0,
          null,
          null,
          1,
          0,
          0,
          0,
          null,
          0,
          null,
          null,
          1,
          0,
          null,
          null,
          1,
          0,
          0,
          0,
          null,
          0,
          null,
          null,
          1,
          0,
          0,
          null,
          null,
          1,
          0,
          0,
          null,
          null,
          null,
          null,
          null,
          1,
          0,
          0,
          null,
          null,
          null,
          1,
          0,
          0,
          0,
          null,
          null,
          null,
          1,
          0,
          0,
          null,
          null,
          null,
          1,
          0,
          0,
          null,
          null,
          null,
          1,
          0,
          null,
          null,
          1,
          0,
          null,
          null,
          1,
          0,
          0,
          null,
          null,
          null,
          1,
          7,
          2,
          null,
          null,
          1,
          0,
          0,
          null,
          null,
          1,
          0,
          0,
          null,
          null
        ]
      }
    },
    "timestamp": 1663541272
  }
}
